
[System] Logger Init: 22:15:04 22:15:04
[1] [Started]
[1] [Executing request] url: http://badoo.com/search/?page=1
[1] [Searching]
[1] [Sleeping] for: 3 secs
[1] [Executing request] url: http://badoo.com/search/?page=2
[1] [Searching]
[1] [Sleeping] for: 3 secs
[1] [Executing request] url: http://badoo.com/search/?page=3
[1] [Searching]
[1] [Finished]

[System] Logger Init: 22:16:43 22:16:43
[1] [Started]
[1] [Executing request] url: http://badoo.com/search/?page=1
[1] [Searching]
[1] [Sleeping] for: 3 secs
[1] [Executing request] url: http://badoo.com/search/?page=2
[1] [Searching]
[1] [Sleeping] for: 3 secs
[1] [Executing request] url: http://badoo.com/search/?page=3
[1] [Searching]
[1] [Sleeping] for: 3 secs
[1] [Executing request] url: http://badoo.com/search/?page=4
[1] [Searching]
[1] [Sleeping] for: 3 secs
[1] [Executing request] url: http://badoo.com/search/?page=5
[1] [Searching]
[1] [Sleeping] for: 3 secs
[1] [Executing request] url: http://badoo.com/search/?page=6
[1] [Searching]
[1] [Sleeping] for: 3 secs
[1] [Executing request] url: http://badoo.com/search/?page=7
[1] [Searching]
[1] [Sleeping] for: 3 secs
[1] [Executing request] url: http://badoo.com/search/?page=8
[1] [Searching]
[1] [Sleeping] for: 3 secs
[1] [Executing request] url: http://badoo.com/search/?page=9
[1] [Searching]
[1] [Sleeping] for: 3 secs
[1] [Executing request] url: http://badoo.com/search/?page=10
[1] [Searching]
[1] [Sleeping] for: 3 secs
[1] [Executing request] url: http://badoo.com/search/?page=11
[1] [Searching]
[1] [Sleeping] for: 3 secs
[1] [Executing request] url: http://badoo.com/search/?page=12
[1] [Searching]
[1] [Sleeping] for: 3 secs
[1] [Executing request] url: http://badoo.com/search/?page=13
[1] [Searching]
[1] [Sleeping] for: 3 secs
[1] [Executing request] url: http://badoo.com/search/?page=14
[1] [Searching]
[1] [Sleeping] for: 3 secs
[1] [Executing request] url: http://badoo.com/search/?page=15
[1] [Searching]
[1] [Sleeping] for: 3 secs
[1] [Executing request] url: http://badoo.com/search/?page=16
[1] [Searching]
[1] [Sleeping] for: 3 secs
[1] [Executing request] url: http://badoo.com/search/?page=17
[1] [Searching]
[1] [Sleeping] for: 3 secs
[1] [Executing request] url: http://badoo.com/search/?page=18
[1] [Searching]
[1] [Sleeping] for: 3 secs
[1] [Executing request] url: http://badoo.com/search/?page=19
[1] [Searching]
[1] [Sleeping] for: 3 secs
[1] [Executing request] url: http://badoo.com/search/?page=20
[1] [Searching]
[1] [Sleeping] for: 3 secs
[1] [Executing request] url: http://badoo.com/search/?page=21
[1] [Searching]
[1] [Sleeping] for: 3 secs
[1] [Executing request] url: http://badoo.com/search/?page=22
[1] [Searching]
[1] [Sleeping] for: 3 secs
[1] [Executing request] url: http://badoo.com/search/?page=23
[1] [Searching]
[1] [Sleeping] for: 3 secs
[1] [Executing request] url: http://badoo.com/search/?page=24
[1] [Searching]
[1] [Sleeping] for: 3 secs
[1] [Executing request] url: http://badoo.com/search/?page=25
[1] [Searching]
[1] [Sleeping] for: 3 secs
[1] [Executing request] url: http://badoo.com/search/?page=26
[1] [Searching]
[1] [Sleeping] for: 3 secs
[1] [Executing request] url: http://badoo.com/search/?page=27
[1] [Searching]
[1] [Sleeping] for: 3 secs
[1] [Executing request] url: http://badoo.com/search/?page=28
[1] [Searching]
[1] [Sleeping] for: 3 secs
[1] [Executing request] url: http://badoo.com/search/?page=29
[1] [Searching]
[1] [Sleeping] for: 3 secs
[1] [Executing request] url: http://badoo.com/search/?page=30
[1] [Searching]
[1] [Sleeping] for: 3 secs
[1] [Executing request] url: http://badoo.com/search/?page=31
[1] [Searching]
[1] [Sleeping] for: 3 secs
[1] [Executing request] url: http://badoo.com/search/?page=32
[1] [Searching]
[1] [Sleeping] for: 3 secs
[1] [Executing request] url: http://badoo.com/search/?page=33
[1] [Searching]
[1] [Sleeping] for: 3 secs
[1] [Executing request] url: http://badoo.com/search/?page=34
[1] [Searching]
[1] [Sleeping] for: 3 secs
[1] [Executing request] url: http://badoo.com/search/?page=35
[1] [Searching]
[1] [Sleeping] for: 3 secs
[1] [Executing request] url: http://badoo.com/search/?page=36
[1] [Searching]
[1] [Sleeping] for: 3 secs
[1] [Executing request] url: http://badoo.com/search/?page=37
[1] [Searching]
[1] [Sleeping] for: 3 secs
[1] [Executing request] url: http://badoo.com/search/?page=38
[1] [Searching]
[1] [Sleeping] for: 3 secs
[1] [Executing request] url: http://badoo.com/search/?page=39
[1] [Searching]
[1] [Sleeping] for: 3 secs
[1] [Executing request] url: http://badoo.com/search/?page=40
[1] [Searching]
[1] [Sleeping] for: 3 secs
[1] [Executing request] url: http://badoo.com/search/?page=41
[1] [Searching]
[1] [Sleeping] for: 3 secs
[1] [Executing request] url: http://badoo.com/search/?page=42
[1] [Searching]
[1] [Sleeping] for: 3 secs
[1] [Executing request] url: http://badoo.com/search/?page=43
[1] [Searching]
[1] [Sleeping] for: 3 secs
[1] [Executing request] url: http://badoo.com/search/?page=44
[1] [Searching]
[1] [Sleeping] for: 3 secs
[1] [Executing request] url: http://badoo.com/search/?page=45
[1] [Searching]
[1] [Sleeping] for: 3 secs
[1] [Executing request] url: http://badoo.com/search/?page=46
[1] [Searching]
[1] [Sleeping] for: 3 secs
[1] [Executing request] url: http://badoo.com/search/?page=47
[1] [Searching]
[1] [Sleeping] for: 3 secs
[1] [Executing request] url: http://badoo.com/search/?page=48
[1] [Searching]
[1] [Sleeping] for: 3 secs
[1] [Executing request] url: http://badoo.com/search/?page=49
[1] [Searching]
[1] [Sleeping] for: 3 secs
[1] [Executing request] url: http://badoo.com/search/?page=50
[1] [Searching]
[1] [Sleeping] for: 3 secs
[1] [Executing request] url: http://badoo.com/search/?page=51
[1] [Searching]
[1] [Sleeping] for: 3 secs
[1] [Executing request] url: http://badoo.com/search/?page=52
[1] [Searching]
[1] [Sleeping] for: 3 secs
[1] [Executing request] url: http://badoo.com/search/?page=53
[1] [Searching]
[1] [Sleeping] for: 3 secs
[1] [Executing request] url: http://badoo.com/search/?page=54
[1] [Searching]
[1] [Sleeping] for: 3 secs
[1] [Executing request] url: http://badoo.com/search/?page=55
[1] [Searching]
[1] [Sleeping] for: 3 secs
[1] [Executing request] url: http://badoo.com/search/?page=56
[1] [Searching]
[1] [Sleeping] for: 3 secs
[1] [Executing request] url: http://badoo.com/search/?page=57
[1] [Searching]
[1] [Sleeping] for: 3 secs
[1] [Executing request] url: http://badoo.com/search/?page=58
[1] [Searching]
[1] [Sleeping] for: 3 secs
[1] [Executing request] url: http://badoo.com/search/?page=59
[1] [Searching]
[1] [Sleeping] for: 3 secs
[1] [Executing request] url: http://badoo.com/search/?page=60
[1] [Searching]
[1] [Sleeping] for: 3 secs
[1] [Executing request] url: http://badoo.com/search/?page=61
[1] [Searching]
[1] [Sleeping] for: 3 secs
[1] [Executing request] url: http://badoo.com/search/?page=62
[1] [Searching]
[1] [Sleeping] for: 3 secs
[1] [Executing request] url: http://badoo.com/search/?page=63
[1] [Searching]
[1] [Sleeping] for: 3 secs
[1] [Executing request] url: http://badoo.com/search/?page=64
[1] [Searching]
[1] [Sleeping] for: 3 secs
[1] [Executing request] url: http://badoo.com/search/?page=65
[1] [Searching]
[1] [Sleeping] for: 3 secs
[1] [Executing request] url: http://badoo.com/search/?page=66
[1] [Searching]
[1] [Sleeping] for: 3 secs
[1] [Executing request] url: http://badoo.com/search/?page=67
[1] [Searching]
[1] [Sleeping] for: 3 secs
[1] [Executing request] url: http://badoo.com/search/?page=68
[1] [Searching]
[1] [Sleeping] for: 3 secs
[1] [Executing request] url: http://badoo.com/search/?page=69
[1] [Searching]
[1] [Sleeping] for: 3 secs
[1] [Executing request] url: http://badoo.com/search/?page=70
[1] [Searching]
[1] [Sleeping] for: 3 secs
[1] [Executing request] url: http://badoo.com/search/?page=71
[1] [Searching]
[1] [Sleeping] for: 3 secs
[1] [Executing request] url: http://badoo.com/search/?page=72
[1] [Searching]
[1] [Sleeping] for: 3 secs
[1] [Executing request] url: http://badoo.com/search/?page=73
[1] [Searching]
[1] [Sleeping] for: 3 secs
[1] [Executing request] url: http://badoo.com/search/?page=74
[1] [Searching]
[1] [Sleeping] for: 3 secs
[1] [Executing request] url: http://badoo.com/search/?page=75
[1] [Searching]
[1] [Sleeping] for: 3 secs
[1] [Executing request] url: http://badoo.com/search/?page=76
[1] [Searching]
[1] [Sleeping] for: 3 secs
[1] [Executing request] url: http://badoo.com/search/?page=77
[1] [Searching]
[1] [Sleeping] for: 3 secs
[1] [Executing request] url: http://badoo.com/search/?page=78
[1] [Searching]
[1] [Sleeping] for: 3 secs
[1] [Executing request] url: http://badoo.com/search/?page=79
[1] [Searching]
[1] [Sleeping] for: 3 secs
[1] [Executing request] url: http://badoo.com/search/?page=80
[1] [Searching]
[1] [Sleeping] for: 3 secs
[1] [Executing request] url: http://badoo.com/search/?page=81
[1] [Searching]
[1] [Sleeping] for: 3 secs
[1] [Executing request] url: http://badoo.com/search/?page=82
[1] [Searching]
[1] [Sleeping] for: 3 secs
[1] [Executing request] url: http://badoo.com/search/?page=83
[1] [Searching]
[1] [Sleeping] for: 3 secs
[1] [Executing request] url: http://badoo.com/search/?page=84
[1] [Searching]
[1] [Sleeping] for: 3 secs
[1] [Executing request] url: http://badoo.com/search/?page=85
[1] [Searching]
[1] [Sleeping] for: 3 secs
[1] [Executing request] url: http://badoo.com/search/?page=86
[1] [Searching]
[1] [Sleeping] for: 3 secs
[1] [Executing request] url: http://badoo.com/search/?page=87
[1] [Searching]
[1] [Sleeping] for: 3 secs
[1] [Executing request] url: http://badoo.com/search/?page=88
[1] [Searching]
[1] [Sleeping] for: 3 secs
[1] [Executing request] url: http://badoo.com/search/?page=89
[1] [Searching]
[1] [Sleeping] for: 3 secs
[1] [Executing request] url: http://badoo.com/search/?page=90
[1] [Searching]
[1] [Sleeping] for: 3 secs
[1] [Executing request] url: http://badoo.com/search/?page=91
[1] [Searching]
[1] [Sleeping] for: 3 secs
[1] [Executing request] url: http://badoo.com/search/?page=92
[1] [Searching]
[1] [Sleeping] for: 3 secs
[1] [Executing request] url: http://badoo.com/search/?page=93
[1] [Searching]
[1] [Sleeping] for: 3 secs
[1] [Executing request] url: http://badoo.com/search/?page=94
[1] [Searching]
[1] [Sleeping] for: 3 secs
[1] [Executing request] url: http://badoo.com/search/?page=95
[1] [Searching]
[1] [Sleeping] for: 3 secs
[1] [Executing request] url: http://badoo.com/search/?page=96
[1] [Searching]
[1] [Sleeping] for: 3 secs
[1] [Executing request] url: http://badoo.com/search/?page=97
[1] [Searching]
[1] [Sleeping] for: 3 secs
[1] [Executing request] url: http://badoo.com/search/?page=98
[1] [Searching]
[1] [Sleeping] for: 3 secs
[1] [Executing request] url: http://badoo.com/search/?page=99
[1] [Searching]
[1] [Sleeping] for: 3 secs
[1] [Executing request] url: http://badoo.com/search/?page=100
[1] [Searching]
[1] [Finished]
